0 info it worked if it ends with ok
1 verbose cli [ '/home/canvasplay/.nvm/versions/node/v6.12.3/bin/node',
1 verbose cli   '/home/canvasplay/.nvm/versions/node/v6.12.3/bin/npm',
1 verbose cli   'publish' ]
2 info using npm@3.10.10
3 info using node@v6.12.3
4 verbose publish [ '.' ]
5 silly cache add args [ '.', null ]
6 verbose cache add spec .
7 silly cache add parsed spec Result {
7 silly cache add   raw: '.',
7 silly cache add   scope: null,
7 silly cache add   escapedName: null,
7 silly cache add   name: null,
7 silly cache add   rawSpec: '.',
7 silly cache add   spec: '/home/canvasplay/Downloads/git-repos/SMX/docs_template',
7 silly cache add   type: 'directory' }
8 verbose addLocalDirectory /home/canvasplay/.npm/smx-jsdoc-template/1.2.0/package.tgz not in flight; packing
9 verbose correctMkdir /home/canvasplay/.npm correctMkdir not in flight; initializing
10 info lifecycle smx-jsdoc-template@1.2.0~prepublish: smx-jsdoc-template@1.2.0
11 silly lifecycle smx-jsdoc-template@1.2.0~prepublish: no script for prepublish, continuing
12 verbose tar pack [ '/home/canvasplay/.npm/smx-jsdoc-template/1.2.0/package.tgz',
12 verbose tar pack   '/home/canvasplay/Downloads/git-repos/SMX/docs_template' ]
13 verbose tarball /home/canvasplay/.npm/smx-jsdoc-template/1.2.0/package.tgz
14 verbose folder /home/canvasplay/Downloads/git-repos/SMX/docs_template
15 verbose addLocalTarball adding from inside cache /home/canvasplay/.npm/smx-jsdoc-template/1.2.0/package.tgz
16 verbose correctMkdir /home/canvasplay/.npm correctMkdir not in flight; initializing
17 silly cache afterAdd smx-jsdoc-template@1.2.0
18 verbose afterAdd /home/canvasplay/.npm/smx-jsdoc-template/1.2.0/package/package.json not in flight; writing
19 verbose correctMkdir /home/canvasplay/.npm correctMkdir not in flight; initializing
20 verbose afterAdd /home/canvasplay/.npm/smx-jsdoc-template/1.2.0/package/package.json written
21 silly publish { name: 'smx-jsdoc-template',
21 silly publish   version: '1.2.0',
21 silly publish   author: { name: 'canvasplay', email: 'canvasplay1@gmail.com' },
21 silly publish   description: 'jsdoc template created for smx framework',
21 silly publish   repository:
21 silly publish    { type: 'git',
21 silly publish      url: 'git://github.com/canvasplay/smx-jsdoc-template.git' },
21 silly publish   dependencies: {},
21 silly publish   devDependencies:
21 silly publish    { autoprefixer: '^8.1.0',
21 silly publish      cssnano: '^3.10.0',
21 silly publish      jsdoc: 'latest',
21 silly publish      'node-sass': '^4.7.2',
21 silly publish      'npm-run-all': '^4.1.2',
21 silly publish      postcss: '^6.0.21',
21 silly publish      'postcss-cli': '^5.0.0' },
21 silly publish   keywords: [ 'jsdoc', 'smx', 'template' ],
21 silly publish   main: 'publish.js',
21 silly publish   scripts:
21 silly publish    { jsdoc: 'jsdoc -c fixtures/fixtures.conf.json',
21 silly publish      sass: 'node-sass --source-map true --output-style compressed static/styles/jsdoc.scss static/styles/jsdoc.css',
21 silly publish      postcss: 'postcss static/styles/jsdoc.css -u autoprefixer -o static/styles/jsdoc.css --map',
21 silly publish      styles: 'run-s sass postcss',
21 silly publish      build: 'run-s styles jsdoc' },
21 silly publish   license: 'MIT',
21 silly publish   readme: '# SMX template for JSDoc 3\n\n- [SMX](https://github.com/canvasplay/SMX)\n- [SMX API Documentation](http://canvasplay.github.io/SMX/)\n\n## Installation\n\nInstall the template using NPM:\n\n```bash\nnpm install smx-jsdoc-template --save-dev\n```\n\n## Usage\n\nIf you already have JSDoc system, you can use this project as JSDoc template. More information about JSDoc command-line arguments can be found [here](http://usejsdoc.org/about-commandline.html).\n \n```bash\njsdoc -c conf.json -R README.md\n```\n\n### conf.json\n\nYou can set options for customizing your documentations. Notice the `"template"` field for setting the path to **smx-jsdoc-template**.\n\n```json\n"templates": {\n    "applicationName": "Demo",\n    "disqus": "",\n    "googleAnalytics": "",\n    "openGraph": {\n        "title": "",\n        "type": "website",\n        "image": "",\n        "site_name": "",\n        "url": ""\n    },\n    "meta": {\n        "title": "",\n        "description": "",\n        "keyword": ""\n    },\n    "linenums": true,\n    "source": {\n        "include": [\n            "./src/"\n        ],\n        "includePattern": ".+\\\\.js(doc)?$",\n        "excludePattern": "(^|\\\\/|\\\\\\\\)_"\n    },\n    "opts": {\n        "encoding": "utf8",\n        "recurse": true,\n        "private": false,\n        "lenient": true,\n        "destination": "./docs",\n        "template": "./node_modules/smx-jsdoc-template"\n    }\n}\n```\n\n## License\n\nThis project under the MIT License. and this project refered by default template for JSDoc 3.',
21 silly publish   readmeFilename: 'README.md',
21 silly publish   gitHead: '40af60446b7b7004eadaae985bfce51c476df9fa',
21 silly publish   bugs: { url: 'https://github.com/canvasplay/smx-jsdoc-template/issues' },
21 silly publish   homepage: 'https://github.com/canvasplay/smx-jsdoc-template#readme',
21 silly publish   _id: 'smx-jsdoc-template@1.2.0',
21 silly publish   _shasum: 'aa278565f245e73730eec63b8535c32762b8d145',
21 silly publish   _from: '.' }
22 verbose getPublishConfig undefined
23 silly mapToRegistry name smx-jsdoc-template
24 silly mapToRegistry using default registry
25 silly mapToRegistry registry https://registry.npmjs.org/
26 silly mapToRegistry data Result {
26 silly mapToRegistry   raw: 'smx-jsdoc-template',
26 silly mapToRegistry   scope: null,
26 silly mapToRegistry   escapedName: 'smx-jsdoc-template',
26 silly mapToRegistry   name: 'smx-jsdoc-template',
26 silly mapToRegistry   rawSpec: '',
26 silly mapToRegistry   spec: 'latest',
26 silly mapToRegistry   type: 'tag' }
27 silly mapToRegistry uri https://registry.npmjs.org/smx-jsdoc-template
28 verbose publish registryBase https://registry.npmjs.org/
29 silly publish uploading /home/canvasplay/.npm/smx-jsdoc-template/1.2.0/package.tgz
30 verbose request uri https://registry.npmjs.org/smx-jsdoc-template
31 verbose request sending authorization for write operation
32 info attempt registry request try #1 at 2:32:31 PM
33 verbose request using bearer token for auth
34 verbose request id f4ff7cc0926a2622
35 http request PUT https://registry.npmjs.org/smx-jsdoc-template
36 http 403 https://registry.npmjs.org/smx-jsdoc-template
37 verbose headers { 'content-type': 'application/json',
37 verbose headers   'cache-control': 'max-age=300',
37 verbose headers   'content-length': '93',
37 verbose headers   'accept-ranges': 'bytes',
37 verbose headers   date: 'Mon, 02 Apr 2018 12:32:35 GMT',
37 verbose headers   via: '1.1 varnish',
37 verbose headers   connection: 'keep-alive',
37 verbose headers   'x-served-by': 'cache-mad9445-MAD',
37 verbose headers   'x-cache': 'MISS',
37 verbose headers   'x-cache-hits': '0',
37 verbose headers   'x-timer': 'S1522672353.651544,VS0,VE2521',
37 verbose headers   vary: 'Accept-Encoding, Accept' }
38 verbose request invalidating /home/canvasplay/.npm/registry.npmjs.org/smx-jsdoc-template on PUT
39 error publish Failed PUT 403
40 verbose stack Error: You cannot publish over the previously published versions: 1.2.0. : smx-jsdoc-template
40 verbose stack     at makeError (/home/canvasplay/.nvm/versions/node/v6.12.3/lib/node_modules/npm/node_modules/npm-registry-client/lib/request.js:302:12)
40 verbose stack     at CachingRegistryClient.<anonymous> (/home/canvasplay/.nvm/versions/node/v6.12.3/lib/node_modules/npm/node_modules/npm-registry-client/lib/request.js:290:14)
40 verbose stack     at Request._callback (/home/canvasplay/.nvm/versions/node/v6.12.3/lib/node_modules/npm/node_modules/npm-registry-client/lib/request.js:210:14)
40 verbose stack     at Request.self.callback (/home/canvasplay/.nvm/versions/node/v6.12.3/lib/node_modules/npm/node_modules/request/request.js:187:22)
40 verbose stack     at emitTwo (events.js:106:13)
40 verbose stack     at Request.emit (events.js:191:7)
40 verbose stack     at Request.<anonymous> (/home/canvasplay/.nvm/versions/node/v6.12.3/lib/node_modules/npm/node_modules/request/request.js:1048:10)
40 verbose stack     at emitOne (events.js:96:13)
40 verbose stack     at Request.emit (events.js:188:7)
40 verbose stack     at IncomingMessage.<anonymous> (/home/canvasplay/.nvm/versions/node/v6.12.3/lib/node_modules/npm/node_modules/request/request.js:969:12)
41 verbose statusCode 403
42 verbose pkgid smx-jsdoc-template
43 verbose cwd /home/canvasplay/Downloads/git-repos/SMX/docs_template
44 error Linux 4.4.96-12273-gff55511fceb9-dirty
45 error argv "/home/canvasplay/.nvm/versions/node/v6.12.3/bin/node" "/home/canvasplay/.nvm/versions/node/v6.12.3/bin/npm" "publish"
46 error node v6.12.3
47 error npm  v3.10.10
48 error code E403
49 error You cannot publish over the previously published versions: 1.2.0. : smx-jsdoc-template
50 error If you need help, you may report this error at:
50 error     <https://github.com/npm/npm/issues>
51 verbose exit [ 1, true ]
